\BOOKMARK [1][-]{section.1}{\376\377\000U\000s\000e\000\040\000c\000a\000s\000e\000s\000\040\000d\000i\000a\000g\000r\000a\000m\000s}{}% 1
\BOOKMARK [2][-]{subsection.1.1}{\376\377\000P\000o\000i\000n\000t\000s\000\040\000c\000o\000m\000m\000u\000n\000s}{section.1}% 2
\BOOKMARK [2][-]{subsection.1.2}{\376\377\000C\000l\000i\000e\000n\000t}{section.1}% 3
\BOOKMARK [2][-]{subsection.1.3}{\376\377\000F\000o\000u\000r\000n\000i\000s\000s\000e\000u\000r}{section.1}% 4
\BOOKMARK [1][-]{section.2}{\376\377\000I\000n\000t\000e\000r\000a\000c\000t\000i\000o\000n\000\040\000o\000v\000e\000r\000v\000i\000e\000w\000\040\000d\000i\000a\000g\000r\000a\000m\000s}{}% 5
\BOOKMARK [2][-]{subsection.2.1}{\376\377\000I\000n\000t\000r\000o\000d\000u\000c\000t\000i\000o\000n}{section.2}% 6
\BOOKMARK [2][-]{subsection.2.2}{\376\377\000P\000o\000i\000n\000t\000s\000\040\000c\000o\000m\000m\000u\000n\000s}{section.2}% 7
\BOOKMARK [2][-]{subsection.2.3}{\376\377\000A\000c\000c\000\350\000s\000\040\000\340\000\040\000l\000'\000a\000p\000p\000l\000i\000c\000a\000t\000i\000o\000n\000\040\000p\000o\000u\000r\000\040\000l\000e\000s\000\040\000c\000l\000i\000e\000n\000t\000s}{section.2}% 8
\BOOKMARK [2][-]{subsection.2.4}{\376\377\000A\000c\000c\000\350\000s\000\040\000\340\000\040\000l\000'\000a\000p\000p\000l\000i\000c\000a\000t\000i\000o\000n\000\040\000p\000o\000u\000r\000\040\000l\000e\000s\000\040\000f\000o\000u\000r\000n\000i\000s\000s\000e\000u\000r\000s}{section.2}% 9
\BOOKMARK [1][-]{section.3}{\376\377\000E\000n\000t\000i\000t\000y\000\040\000r\000e\000l\000a\000t\000i\000o\000n\000s\000h\000i\000p\000\040\000d\000i\000a\000g\000r\000a\000m}{}% 10
\BOOKMARK [2][-]{subsection.3.1}{\376\377\000P\000r\000\351\000a\000m\000b\000u\000l\000e}{section.3}% 11
\BOOKMARK [2][-]{subsection.3.2}{\376\377\000U\000t\000i\000l\000i\000s\000a\000t\000e\000u\000r}{section.3}% 12
\BOOKMARK [2][-]{subsection.3.3}{\376\377\000L\000a\000n\000g\000u\000e}{section.3}% 13
\BOOKMARK [2][-]{subsection.3.4}{\376\377\000C\000l\000i\000e\000n\000t}{section.3}% 14
\BOOKMARK [2][-]{subsection.3.5}{\376\377\000P\000o\000r\000t\000e\000f\000e\000u\000i\000l\000l\000e}{section.3}% 15
\BOOKMARK [2][-]{subsection.3.6}{\376\377\000C\000o\000n\000t\000r\000a\000t\000\040\000d\000u\000\040\000p\000o\000r\000t\000e\000f\000e\000u\000i\000l\000l\000e}{section.3}% 16
\BOOKMARK [2][-]{subsection.3.7}{\376\377\000f\000o\000u\000r\000n\000i\000s\000s\000e\000u\000r}{section.3}% 17
\BOOKMARK [2][-]{subsection.3.8}{\376\377\000P\000r\000o\000p\000o\000s\000i\000t\000i\000o\000n}{section.3}% 18
\BOOKMARK [2][-]{subsection.3.9}{\376\377\000C\000o\000n\000t\000r\000a\000t\000\040\000d\000u\000\040\000f\000o\000u\000r\000n\000i\000s\000s\000e\000u\000r}{section.3}% 19
\BOOKMARK [2][-]{subsection.3.10}{\376\377\000C\000o\000n\000t\000r\000a\000t}{section.3}% 20
\BOOKMARK [2][-]{subsection.3.11}{\376\377\000C\000o\000m\000p\000t\000e\000u\000r}{section.3}% 21
\BOOKMARK [2][-]{subsection.3.12}{\376\377\000C\000o\000n\000s\000o\000m\000m\000a\000t\000i\000o\000n}{section.3}% 22
\BOOKMARK [2][-]{subsection.3.13}{\376\377\000N\000o\000t\000i\000f\000i\000c\000a\000t\000i\000o\000n}{section.3}% 23
\BOOKMARK [2][-]{subsection.3.14}{\376\377\000S\000c\000h\000\351\000m\000a}{section.3}% 24
\BOOKMARK [1][-]{section.4}{\376\377\000C\000l\000a\000s\000s\000\040\000d\000i\000a\000g\000r\000a\000m}{}% 25
\BOOKMARK [2][-]{subsection.4.1}{\376\377\000I\000n\000t\000r\000o\000d\000u\000c\000t\000i\000o\000n}{section.4}% 26
\BOOKMARK [2][-]{subsection.4.2}{\376\377\000L\000e\000\040\000p\000a\000c\000k\000a\000g\000e\000\040\000A\000P\000I}{section.4}% 27
\BOOKMARK [2][-]{subsection.4.3}{\376\377\000L\000e\000\040\000p\000a\000c\000k\000a\000g\000e\000\040\000d\000a\000t\000a\000b\000a\000s\000e}{section.4}% 28
\BOOKMARK [2][-]{subsection.4.4}{\376\377\000L\000e\000\040\000p\000a\000c\000k\000a\000g\000e\000\040\000d\000a\000t\000a\000O\000b\000j\000e\000c\000t}{section.4}% 29
\BOOKMARK [2][-]{subsection.4.5}{\376\377\000L\000a\000\040\000c\000l\000a\000s\000s\000e\000\040\000A\000p\000p}{section.4}% 30
\BOOKMARK [1][-]{section.5}{\376\377\000S\000e\000q\000u\000e\000n\000c\000e\000\040\000d\000i\000a\000g\000r\000a\000m\000s}{}% 31
\BOOKMARK [2][-]{subsection.5.1}{\376\377\000I\000n\000t\000r\000o\000d\000u\000c\000t\000i\000o\000n}{section.5}% 32
\BOOKMARK [2][-]{subsection.5.2}{\376\377\000C\000o\000m\000m\000o\000n}{section.5}% 33
\BOOKMARK [3][-]{subsubsection.5.2.1}{\376\377\000G\000\351\000r\000e\000r\000\040\000l\000e\000s\000\040\000d\000o\000n\000n\000\351\000e\000s}{subsection.5.2}% 34
\BOOKMARK [3][-]{subsubsection.5.2.2}{\376\377\000G\000\351\000r\000e\000r\000\040\000l\000e\000s\000\040\000l\000a\000n\000g\000u\000e\000s}{subsection.5.2}% 35
\BOOKMARK [3][-]{subsubsection.5.2.3}{\376\377\000M\000o\000d\000i\000f\000i\000e\000r\000\040\000s\000o\000n\000\040\000m\000o\000t\000\040\000d\000e\000\040\000p\000a\000s\000s\000e}{subsection.5.2}% 36
\BOOKMARK [3][-]{subsubsection.5.2.4}{\376\377\000R\000\351\000p\000o\000n\000d\000r\000e\000\040\000a\000u\000x\000\040\000n\000o\000t\000i\000f\000i\000c\000a\000t\000i\000o\000n\000s}{subsection.5.2}% 37
\BOOKMARK [3][-]{subsubsection.5.2.5}{\376\377\000S\000'\000a\000u\000t\000h\000e\000n\000t\000i\000f\000i\000e\000r}{subsection.5.2}% 38
\BOOKMARK [3][-]{subsubsection.5.2.6}{\376\377\000V\000i\000s\000u\000a\000l\000i\000s\000a\000t\000i\000o\000n\000\040\000d\000e\000s\000\040\000d\000o\000n\000n\000\351\000e\000s\000\040\000d\000e\000\040\000c\000o\000n\000s\000o\000m\000m\000a\000t\000i\000o\000n\000s}{subsection.5.2}% 39
\BOOKMARK [3][-]{subsubsection.5.2.7}{\376\377\000V\000o\000i\000r\000\040\000l\000e\000s\000\040\000c\000o\000n\000t\000r\000a\000t\000s}{subsection.5.2}% 40
\BOOKMARK [3][-]{subsubsection.5.2.8}{\376\377\000V\000o\000i\000r\000\040\000n\000o\000t\000i\000f\000i\000c\000a\000t\000i\000o\000n\000s}{subsection.5.2}% 41
\BOOKMARK [2][-]{subsection.5.3}{\376\377\000C\000l\000i\000e\000n\000t}{section.5}% 42
\BOOKMARK [3][-]{subsubsection.5.3.1}{\376\377\000C\000o\000n\000t\000r\000a\000t\000s}{subsection.5.3}% 43
\BOOKMARK [3][-]{subsubsection.5.3.2}{\376\377\000F\000o\000u\000r\000n\000i\000s\000s\000e\000u\000r\000s\000\040\000e\000t\000\040\000c\000o\000n\000t\000r\000a\000t\000s\000\040\000r\000e\000l\000a\000t\000i\000f\000s}{subsection.5.3}% 44
\BOOKMARK [3][-]{subsubsection.5.3.3}{\376\377\000P\000o\000r\000t\000e\000f\000e\000u\000i\000l\000l\000e\000s}{subsection.5.3}% 45
\BOOKMARK [2][-]{subsection.5.4}{\376\377\000P\000r\000o\000v\000i\000d\000e\000r}{section.5}% 46
\BOOKMARK [3][-]{subsubsection.5.4.1}{\376\377\000G\000e\000s\000t\000i\000o\000n\000\040\000d\000e\000s\000\040\000c\000l\000i\000e\000n\000t\000s}{subsection.5.4}% 47
\BOOKMARK [3][-]{subsubsection.5.4.2}{\376\377\000G\000e\000s\000t\000i\000o\000n\000\040\000d\000e\000s\000\040\000p\000r\000o\000p\000o\000s\000i\000t\000i\000o\000n\000s}{subsection.5.4}% 48
\BOOKMARK [3][-]{subsubsection.5.4.3}{\376\377\000G\000e\000s\000t\000i\000o\000n\000\040\000d\000e\000\040\000l\000a\000\040\000c\000o\000n\000s\000o\000m\000m\000a\000t\000i\000o\000n}{subsection.5.4}% 49
\BOOKMARK [1][-]{section.6}{\376\377\000I\000n\000t\000e\000r\000f\000a\000c\000e}{}% 50
\BOOKMARK [2][-]{subsection.6.1}{\376\377\000I\000n\000t\000r\000o\000d\000u\000c\000t\000i\000o\000n}{section.6}% 51
\BOOKMARK [2][-]{subsection.6.2}{\376\377\000S\000y\000s\000t\000\350\000m\000e\000\040\000d\000e\000\040\000l\000o\000g\000s}{section.6}% 52
\BOOKMARK [2][-]{subsection.6.3}{\376\377\000P\000o\000i\000n\000t\000s\000\040\000c\000o\000m\000m\000u\000n\000s}{section.6}% 53
\BOOKMARK [2][-]{subsection.6.4}{\376\377\000I\000n\000t\000e\000r\000f\000a\000c\000e\000\040\000c\000l\000i\000e\000n\000t}{section.6}% 54
\BOOKMARK [2][-]{subsection.6.5}{\376\377\000I\000n\000t\000e\000r\000f\000a\000c\000e\000\040\000f\000o\000u\000r\000n\000i\000s\000s\000e\000u\000r}{section.6}% 55
\BOOKMARK [1][-]{section.7}{\376\377\000I\000n\000t\000r\000o\000d\000u\000c\000t\000i\000o\000n\000-\000e\000x\000t\000e\000n\000s\000i\000o\000n}{}% 56
\BOOKMARK [1][-]{section.8}{\376\377\000I\000n\000t\000r\000o\000d\000u\000c\000t\000i\000o\000n\000\040\000:\000\040\000E\000x\000t\000e\000n\000s\000i\000o\000n\000\040\0001\000.\0006\000.\0001\000\040\000:\000\040\000G\000e\000s\000t\000i\000o\000n\000\040\000d\040\031\000u\000t\000i\000l\000i\000s\000a\000t\000e\000u\000r\000s\000\040\000p\000a\000r\000\040\000D\040\031\000H\000a\000e\000n\000e\000\040\000C\000l\000a\000i\000r\000e}{}% 57
\BOOKMARK [1][-]{section.9}{\376\377\000U\000s\000e\000\040\000c\000a\000s\000e\000\040\000d\000i\000a\000g\000r\000a\000m}{}% 58
\BOOKMARK [2][-]{subsection.9.1}{\376\377\000I\000n\000t\000r\000o\000d\000u\000c\000t\000i\000o\000n}{section.9}% 59
\BOOKMARK [2][-]{subsection.9.2}{\376\377\000C\000l\000i\000e\000n\000t}{section.9}% 60
\BOOKMARK [2][-]{subsection.9.3}{\376\377\000D\000i\000a\000g\000r\000a\000m\000m\000e}{section.9}% 61
\BOOKMARK [1][-]{section.10}{\376\377\000i\000n\000t\000e\000r\000a\000c\000t\000i\000o\000n\000\040\000o\000v\000e\000r\000v\000i\000e\000w\000\040\000d\000i\000a\000g\000r\000a\000m}{}% 62
\BOOKMARK [2][-]{subsection.10.1}{\376\377\000I\000n\000t\000r\000o\000d\000u\000c\000t\000i\000o\000n}{section.10}% 63
\BOOKMARK [2][-]{subsection.10.2}{\376\377\000A\000c\000c\000\350\000s\000\040\000\340\000\040\000l\000'\000a\000p\000p\000l\000i\000c\000a\000t\000i\000o\000n\000\040\000p\000o\000u\000r\000\040\000l\000e\000s\000\040\000c\000l\000i\000e\000n\000t\000s}{section.10}% 64
\BOOKMARK [2][-]{subsection.10.3}{\376\377\000D\000i\000a\000g\000r\000a\000m\000m\000e}{section.10}% 65
\BOOKMARK [1][-]{section.11}{\376\377\000E\000n\000t\000i\000t\000y\000\040\000r\000e\000l\000a\000t\000i\000o\000n\000s\000h\000i\000p\000\040\000d\000i\000a\000g\000r\000a\000m}{}% 66
\BOOKMARK [2][-]{subsection.11.1}{\376\377\000I\000n\000t\000r\000o\000d\000u\000c\000t\000i\000o\000n}{section.11}% 67
\BOOKMARK [2][-]{subsection.11.2}{\376\377\000U\000t\000i\000l\000i\000s\000a\000t\000e\000u\000r}{section.11}% 68
\BOOKMARK [2][-]{subsection.11.3}{\376\377\000P\000o\000r\000t\000e\000f\000e\000u\000i\000l\000l\000e\000\040\000i\000n\000v\000i\000t\000\351}{section.11}% 69
\BOOKMARK [2][-]{subsection.11.4}{\376\377\000C\000o\000n\000t\000r\000a\000t\000\040\000d\000u\000\040\000p\000o\000r\000t\000e\000f\000e\000u\000i\000l\000l\000e}{section.11}% 70
\BOOKMARK [2][-]{subsection.11.5}{\376\377\000D\000i\000a\000g\000r\000a\000m\000m\000e}{section.11}% 71
\BOOKMARK [1][-]{section.12}{\376\377\000C\000l\000a\000s\000s\000\040\000d\000i\000a\000g\000r\000a\000m}{}% 72
\BOOKMARK [2][-]{subsection.12.1}{\376\377\000I\000n\000t\000r\000o\000d\000u\000c\000t\000i\000o\000n}{section.12}% 73
\BOOKMARK [2][-]{subsection.12.2}{\376\377\000L\000e\000\040\000p\000a\000c\000k\000a\000g\000e\000\040\000a\000p\000i}{section.12}% 74
\BOOKMARK [2][-]{subsection.12.3}{\376\377\000L\000e\000\040\000p\000a\000c\000k\000a\000g\000e\000\040\000d\000a\000t\000a\000B\000a\000s\000e}{section.12}% 75
\BOOKMARK [2][-]{subsection.12.4}{\376\377\000L\000e\000\040\000p\000a\000c\000k\000a\000g\000e\000\040\000d\000a\000t\000a\000O\000b\000j\000e\000c\000t}{section.12}% 76
\BOOKMARK [2][-]{subsection.12.5}{\376\377\000D\000i\000a\000g\000r\000a\000m\000m\000e}{section.12}% 77
\BOOKMARK [1][-]{section.13}{\376\377\000S\000e\000q\000u\000e\000n\000c\000e\000\040\000d\000i\000a\000g\000r\000a\000m}{}% 78
\BOOKMARK [2][-]{subsection.13.1}{\376\377\000I\000n\000t\000r\000o\000d\000u\000c\000t\000i\000o\000n}{section.13}% 79
\BOOKMARK [2][-]{subsection.13.2}{\376\377\000C\000l\000i\000e\000n\000t}{section.13}% 80
\BOOKMARK [3][-]{subsubsection.13.2.1}{\376\377\000G\000e\000s\000t\000i\000o\000n\000\040\000d\000e\000s\000\040\000p\000o\000r\000t\000e\000f\000e\000u\000i\000l\000l\000e\000s\000\040\000i\000n\000v\000i\000t\000\351\000s}{subsection.13.2}% 81
\BOOKMARK [3][-]{subsubsection.13.2.2}{\376\377\000G\000e\000s\000t\000i\000o\000n\000\040\000d\000e\000s\000\040\000u\000t\000i\000l\000i\000s\000a\000t\000e\000u\000r\000s\000\040\000i\000n\000v\000i\000t\000\351\000s}{subsection.13.2}% 82
\BOOKMARK [1][-]{section.14}{\376\377\000A\000P\000I\000\040\000R\000E\000S\000T}{}% 83
\BOOKMARK [2][-]{subsection.14.1}{\376\377\000I\000n\000t\000r\000o\000d\000u\000c\000t\000i\000o\000n}{section.14}% 84
\BOOKMARK [2][-]{subsection.14.2}{\376\377\000L\000e\000s\000\040\000u\000t\000i\000l\000i\000s\000a\000t\000e\000u\000r\000s\000\040\000i\000n\000v\000i\000t\000\351\000s}{section.14}% 85
\BOOKMARK [2][-]{subsection.14.3}{\376\377\000L\000e\000s\000\040\000p\000o\000r\000t\000e\000f\000e\000u\000i\000l\000l\000e\000s\000\040\000i\000n\000v\000i\000t\000\351\000s}{section.14}% 86
\BOOKMARK [2][-]{subsection.14.4}{\376\377\000D\000i\000a\000g\000r\000a\000m\000m\000e}{section.14}% 87
\BOOKMARK [1][-]{section.15}{\376\377\000I\000n\000t\000e\000r\000f\000a\000c\000e}{}% 88
\BOOKMARK [2][-]{subsection.15.1}{\376\377\000I\000n\000t\000r\000o\000d\000u\000c\000t\000i\000o\000n}{section.15}% 89
\BOOKMARK [2][-]{subsection.15.2}{\376\377\000L\000'\000i\000n\000t\000e\000r\000f\000a\000c\000e\000\040\000c\000l\000i\000e\000n\000t}{section.15}% 90
\BOOKMARK [2][-]{subsection.15.3}{\376\377\000I\000m\000a\000g\000e\000\040\000d\000e\000\040\000l\000'\000i\000n\000t\000e\000r\000f\000a\000c\000e}{section.15}% 91
\BOOKMARK [1][-]{section.16}{\376\377\000I\000n\000t\000r\000o\000d\000u\000c\000t\000i\000o\000n\000:\000\040\0001\000.\0006\000.\0004\000:\000\040\000A\000n\000a\000l\000y\000s\000e\000\040\000s\000t\000a\000t\000i\000s\000t\000i\000q\000u\000e\000\040\000d\000e\000\040\000l\000a\000\040\000c\000o\000n\000s\000o\000m\000m\000a\000t\000i\000o\000n\000\040\000\351\000n\000e\000r\000g\000\351\000t\000i\000q\000u\000e\000\040\000p\000a\000r\000\040\000F\000i\000\351\000v\000e\000t\000\040\000A\000d\000r\000i\000e\000n}{}% 92
\BOOKMARK [1][-]{section.17}{\376\377\000U\000s\000e\000\040\000c\000a\000s\000e\000s\000\040\000d\000i\000a\000g\000r\000a\000m\000s}{}% 93
\BOOKMARK [1][-]{section.18}{\376\377\000O\000v\000e\000r\000v\000i\000e\000w}{}% 94
\BOOKMARK [1][-]{section.19}{\376\377\000B\000d\000d}{}% 95
\BOOKMARK [1][-]{section.20}{\376\377\000C\000l\000a\000s\000s}{}% 96
\BOOKMARK [1][-]{section.21}{\376\377\000s\000e\000q\000u\000e\000n\000c\000e}{}% 97
\BOOKMARK [1][-]{section.22}{\376\377\000a\000p\000i\000-\000r\000e\000s\000t}{}% 98
\BOOKMARK [1][-]{section.23}{\376\377\000I\000n\000t\000e\000r\000f\000a\000c\000e}{}% 99
\BOOKMARK [1][-]{section.24}{\376\377\000I\000n\000t\000r\000o\000d\000u\000c\000t\000i\000o\000n\000\040\000:\000\040\000E\000x\000t\000e\000n\000s\000i\000o\000n\000\040\0001\0000\000\040\000:\000\040\000A\000p\000p\000l\000i\000c\000a\000t\000i\000o\000n\000\040\000a\000n\000d\000r\000o\000i\000d\000\040\000p\000a\000r\000\040\000J\000u\000l\000i\000e\000n\000\040\000L\000a\000d\000e\000u\000z\000e}{}% 100
\BOOKMARK [1][-]{section.25}{\376\377\000A\000s\000p\000e\000c\000t\000\040\000p\000r\000a\000t\000i\000q\000u\000e}{}% 101
\BOOKMARK [1][-]{section.26}{\376\377\000A\000s\000p\000e\000c\000t\000\040\000t\000e\000c\000h\000n\000o\000l\000o\000g\000i\000q\000u\000e}{}% 102
\BOOKMARK [1][-]{section.27}{\376\377\000I\000n\000t\000e\000r\000f\000a\000c\000e}{}% 103
\BOOKMARK [1][-]{section.28}{\376\377\000R\000e\000s\000s\000o\000u\000r\000c\000e\000s\000\040\000u\000t\000i\000l\000i\000s\000\351\000e\000s}{}% 104
\BOOKMARK [1][-]{section.29}{\376\377\000S\000c\000h\000\351\000m\000a}{}% 105
\BOOKMARK [1][-]{section.30}{\376\377\000E\000x\000t\000e\000n\000s\000i\000o\000n\000\040\0001\000.\0006\000.\0007\000\040\000:\000\040\000F\000a\000c\000t\000u\000r\000a\000t\000i\000o\000n\000\040\000e\000t\000\040\000p\000a\000i\000e\000m\000e\000n\000t\000\040\000d\000'\000a\000c\000o\000m\000p\000t\000e\000s}{}% 106
\BOOKMARK [1][-]{section.31}{\376\377\000U\000s\000e\000\040\000c\000a\000s\000e\000s\000\040\000d\000i\000a\000g\000r\000a\000m\000m}{}% 107
\BOOKMARK [2][-]{subsection.31.1}{\376\377\000D\000e\000s\000c\000r\000i\000p\000t\000i\000o\000n}{section.31}% 108
\BOOKMARK [1][-]{section.32}{\376\377\000I\000n\000t\000e\000r\000a\000c\000t\000i\000o\000n\000\040\000o\000v\000e\000r\000v\000i\000e\000w\000\040\000d\000i\000a\000g\000r\000a\000m}{}% 109
\BOOKMARK [2][-]{subsection.32.1}{\376\377\000D\000e\000s\000c\000r\000i\000p\000t\000i\000o\000n}{section.32}% 110
\BOOKMARK [2][-]{subsection.32.2}{\376\377\000S\000c\000h\000\351\000m\000a}{section.32}% 111
\BOOKMARK [1][-]{section.33}{\376\377\000C\000l\000a\000s\000s\000\040\000d\000i\000a\000g\000r\000a\000m}{}% 112
\BOOKMARK [2][-]{subsection.33.1}{\376\377\000D\000e\000s\000c\000r\000i\000p\000t\000i\000o\000n}{section.33}% 113
\BOOKMARK [2][-]{subsection.33.2}{\376\377\000L\000e\000s\000\040\000v\000a\000r\000i\000a\000b\000l\000e\000s}{section.33}% 114
\BOOKMARK [2][-]{subsection.33.3}{\376\377\000L\000e\000s\000\040\000m\000\351\000t\000h\000o\000d\000e\000s}{section.33}% 115
\BOOKMARK [2][-]{subsection.33.4}{\376\377\000S\000c\000h\000\351\000m\000a}{section.33}% 116
\BOOKMARK [1][-]{section.34}{\376\377\000E\000n\000t\000i\000t\000y\000\040\000r\000e\000l\000a\000t\000i\000o\000n\000s\000h\000i\000p\000\040\000d\000i\000a\000g\000r\000a\000m}{}% 117
\BOOKMARK [2][-]{subsection.34.1}{\376\377\000D\000e\000s\000c\000r\000i\000p\000t\000i\000o\000n}{section.34}% 118
\BOOKMARK [2][-]{subsection.34.2}{\376\377\000S\000c\000h\000\351\000m\000a}{section.34}% 119
\BOOKMARK [1][-]{section.35}{\376\377\000S\000e\000q\000u\000e\000n\000c\000e\000\040\000d\000i\000a\000g\000r\000a\000m}{}% 120
\BOOKMARK [2][-]{subsection.35.1}{\376\377\000D\000e\000s\000c\000r\000i\000p\000t\000i\000o\000n}{section.35}% 121
\BOOKMARK [2][-]{subsection.35.2}{\376\377\000S\000c\000h\000\351\000m\000a}{section.35}% 122
\BOOKMARK [1][-]{section.36}{\376\377\000D\000e\000s\000i\000g\000n\000\040\000A\000P\000I\000\040\000R\000e\000s\000t}{}% 123
\BOOKMARK [2][-]{subsection.36.1}{\376\377\000D\000e\000s\000c\000r\000i\000p\000t\000i\000o\000n}{section.36}% 124
\BOOKMARK [2][-]{subsection.36.2}{\376\377\000S\000c\000h\000\351\000m\000a}{section.36}% 125
\BOOKMARK [1][-]{section.37}{\376\377\000I\000n\000t\000e\000r\000f\000a\000c\000e}{}% 126
\BOOKMARK [2][-]{subsection.37.1}{\376\377\000D\000e\000s\000c\000r\000i\000p\000t\000i\000o\000n}{section.37}% 127
\BOOKMARK [2][-]{subsection.37.2}{\376\377\000P\000a\000g\000e\000\040\000d\000'\000a\000c\000c\000u\000e\000i\000l}{section.37}% 128
\BOOKMARK [2][-]{subsection.37.3}{\376\377\000L\000i\000s\000t\000e\000\040\000d\000e\000s\000\040\000f\000a\000c\000t\000u\000r\000e\000s}{section.37}% 129
\BOOKMARK [2][-]{subsection.37.4}{\376\377\000F\000a\000c\000t\000u\000r\000e}{section.37}% 130
\BOOKMARK [2][-]{subsection.37.5}{\376\377\000P\000a\000i\000e\000m\000e\000n\000t}{section.37}% 131
\BOOKMARK [2][-]{subsection.37.6}{\376\377\000M\000o\000d\000i\000f\000i\000c\000a\000t\000i\000o\000n\000\040\000d\000e\000\040\000l\000a\000\040\000p\000r\000o\000p\000o\000s\000i\000t\000i\000o\000n}{section.37}% 132
\BOOKMARK [2][-]{subsection.37.7}{\376\377\000C\000h\000a\000n\000g\000e\000m\000e\000n\000t\000\040\000d\000e\000\040\000m\000\351\000t\000h\000o\000d\000e\000\040\000d\000e\000\040\000p\000a\000i\000e\000m\000e\000n\000t}{section.37}% 133
\BOOKMARK [2][-]{subsection.37.8}{\376\377\000C\000h\000a\000n\000g\000e\000m\000e\000n\000t\000\040\000d\000e\000s\000\040\000i\000n\000f\000o\000r\000m\000a\000t\000i\000o\000n\000s\000\040\000b\000a\000n\000c\000a\000i\000r\000e\000s}{section.37}% 134
\BOOKMARK [1][-]{section.38}{\376\377\000C\000o\000n\000c\000l\000u\000s\000i\000o\000n}{}% 135
