\BOOKMARK [1][-]{section.1}{Base du projet}{}% 1
\BOOKMARK [2][-]{subsection.1.1}{Introduction}{section.1}% 2
\BOOKMARK [2][-]{subsection.1.2}{Base de donn\351es}{section.1}% 3
\BOOKMARK [3][-]{subsubsection.1.2.1}{Intoduction}{subsection.1.2}% 4
\BOOKMARK [2][-]{subsection.1.3}{API}{section.1}% 5
\BOOKMARK [3][-]{subsubsection.1.3.1}{Intoduction}{subsection.1.3}% 6
\BOOKMARK [2][-]{subsection.1.4}{Front-end}{section.1}% 7
\BOOKMARK [3][-]{subsubsection.1.4.1}{Intoduction}{subsection.1.4}% 8
\BOOKMARK [3][-]{subsubsection.1.4.2}{Pages li\351es \340 la gestion des comptes}{subsection.1.4}% 9
\BOOKMARK [3][-]{subsubsection.1.4.3}{Pages li\351es aux clients}{subsection.1.4}% 10
\BOOKMARK [3][-]{subsubsection.1.4.4}{Pages li\351es aux fournisseurs}{subsection.1.4}% 11
\BOOKMARK [3][-]{subsubsection.1.4.5}{Pages li\351es aux fonctionnalit\351s communes}{subsection.1.4}% 12
\BOOKMARK [3][-]{subsubsection.1.4.6}{Probl\350mes rencontr\351s}{subsection.1.4}% 13
\BOOKMARK [3][-]{subsubsection.1.4.7}{Les langues}{subsection.1.4}% 14
\BOOKMARK [3][-]{subsubsection.1.4.8}{Modules import\351s}{subsection.1.4}% 15
\BOOKMARK [2][-]{subsection.1.5}{Conclusion}{section.1}% 16
\BOOKMARK [1][-]{section.2}{Extension 1.6.1 : Gestion d\220utilisateurs par D\220Haene Claire}{}% 17
\BOOKMARK [2][-]{subsection.2.1}{Introduction}{section.2}% 18
\BOOKMARK [2][-]{subsection.2.2}{Base de donn\351es}{section.2}% 19
\BOOKMARK [3][-]{subsubsection.2.2.1}{Introduction}{subsection.2.2}% 20
\BOOKMARK [3][-]{subsubsection.2.2.2}{Package dataobject}{subsection.2.2}% 21
\BOOKMARK [3][-]{subsubsection.2.2.3}{Package database}{subsection.2.2}% 22
\BOOKMARK [2][-]{subsection.2.3}{API}{section.2}% 23
\BOOKMARK [3][-]{subsubsection.2.3.1}{Introduction}{subsection.2.3}% 24
\BOOKMARK [3][-]{subsubsection.2.3.2}{ClientApi}{subsection.2.3}% 25
\BOOKMARK [2][-]{subsection.2.4}{Front-end}{section.2}% 26
\BOOKMARK [3][-]{subsubsection.2.4.1}{Introduction}{subsection.2.4}% 27
\BOOKMARK [3][-]{subsubsection.2.4.2}{AddInvited}{subsection.2.4}% 28
\BOOKMARK [3][-]{subsubsection.2.4.3}{ChangePermissions}{subsection.2.4}% 29
\BOOKMARK [3][-]{subsubsection.2.4.4}{InvitationMessage}{subsection.2.4}% 30
\BOOKMARK [3][-]{subsubsection.2.4.5}{InvitedWallet}{subsection.2.4}% 31
\BOOKMARK [3][-]{subsubsection.2.4.6}{WalletFull et consumptionPage}{subsection.2.4}% 32
\BOOKMARK [3][-]{subsubsection.2.4.7}{Modules import\351s}{subsection.2.4}% 33
\BOOKMARK [2][-]{subsection.2.5}{Conclusion}{section.2}% 34
\BOOKMARK [1][-]{section.3}{Extension 1.6.4 : Analyse statistique de la consommation \351nerg\351tique par Adrien Fi\351vet}{}% 35
\BOOKMARK [2][-]{subsection.3.1}{Introduction}{section.3}% 36
\BOOKMARK [2][-]{subsection.3.2}{Base de donn\351es}{section.3}% 37
\BOOKMARK [2][-]{subsection.3.3}{API}{section.3}% 38
\BOOKMARK [2][-]{subsection.3.4}{Front-end}{section.3}% 39
\BOOKMARK [3][-]{subsubsection.3.4.1}{Les portefeuilles}{subsection.3.4}% 40
\BOOKMARK [3][-]{subsubsection.3.4.2}{Consommations}{subsection.3.4}% 41
\BOOKMARK [2][-]{subsection.3.5}{Conclusion}{section.3}% 42
