This is pdfTeX, Version 3.14159265-2.6-1.40.20 (TeX Live 2019/Debian) (preloaded format=pdflatex 2022.10.17)  21 NOV 2022 15:50
entering extended mode
 restricted \write18 enabled.
 %&-line parsing enabled.
**main.tex
(./main.tex
LaTeX2e <2020-02-02> patch level 2
L3 programming layer <2020-02-14>
(/usr/share/texlive/texmf-dist/tex/latex/base/article.cls
Document Class: article 2019/12/20 v1.4l Standard LaTeX document class
(/usr/share/texlive/texmf-dist/tex/latex/base/size10.clo
File: size10.clo 2019/12/20 v1.4l Standard LaTeX file (size option)
)
\c@part=\count167
\c@section=\count168
\c@subsection=\count169
\c@subsubsection=\count170
\c@paragraph=\count171
\c@subparagraph=\count172
\c@figure=\count173
\c@table=\count174
\abovecaptionskip=\skip47
\belowcaptionskip=\skip48
\bibindent=\dimen134
)
(/usr/share/texlive/texmf-dist/tex/latex/base/inputenc.sty
Package: inputenc 2018/08/11 v1.3c Input encoding file
\inpenc@prehook=\toks14
\inpenc@posthook=\toks15
)
(/usr/share/texlive/texmf-dist/tex/latex/graphics/graphicx.sty
Package: graphicx 2019/11/30 v1.2a Enhanced LaTeX Graphics (DPC,SPQR)

(/usr/share/texlive/texmf-dist/tex/latex/graphics/keyval.sty
Package: keyval 2014/10/28 v1.15 key=value parser (DPC)
\KV@toks@=\toks16
)
(/usr/share/texlive/texmf-dist/tex/latex/graphics/graphics.sty
Package: graphics 2019/11/30 v1.4a Standard LaTeX Graphics (DPC,SPQR)

(/usr/share/texlive/texmf-dist/tex/latex/graphics/trig.sty
Package: trig 2016/01/03 v1.10 sin cos tan (DPC)
)
(/usr/share/texlive/texmf-dist/tex/latex/graphics-cfg/graphics.cfg
File: graphics.cfg 2016/06/04 v1.11 sample graphics configuration
)
Package graphics Info: Driver file: pdftex.def on input line 105.

(/usr/share/texlive/texmf-dist/tex/latex/graphics-def/pdftex.def
File: pdftex.def 2018/01/08 v1.0l Graphics/color driver for pdftex
))
\Gin@req@height=\dimen135
\Gin@req@width=\dimen136
)
(/usr/share/texlive/texmf-dist/tex/generic/babel/babel.sty
Package: babel 2020/02/14 3.40 The Babel package

(/usr/share/texlive/texmf-dist/tex/generic/babel/switch.def
File: switch.def 2020/02/14 3.40 Babel switching mechanism
)

! Package babel Error: Unknown option `french'. Either you misspelled it
(babel)                or the language definition file french.ldf was not found
.

See the babel package documentation for explanation.
Type  H <return>  for immediate help.
 ...                                              
                                                  
l.542 \ProcessOptions*
                      
Valid options are: shorthands=, KeepShorthandsActive,
activeacute, activegrave, noconfigs, safe=, main=, math=
headfoot=, strings=, config=, hyphenmap=, or a language name.

Package babel Info: You haven't specified a language. I'll use 'nil'
(babel)             as the main language. Reported on input line 572.
(/usr/share/texlive/texmf-dist/tex/generic/babel/nil.ldf
Language: nil 2020/02/14 3.40 Nil language

(/usr/share/texlive/texmf-dist/tex/generic/babel/babel.def
File: babel.def 2020/02/14 3.40 Babel common definitions
\babel@savecnt=\count175
\U@D=\dimen137

(/usr/share/texlive/texmf-dist/tex/generic/babel/txtbabel.def)
\bbl@readstream=\read2
\bbl@dirlevel=\count176
)
\l@nil=\language5
))
(/usr/share/texlive/texmf-dist/tex/latex/amsmath/amsmath.sty
Package: amsmath 2020/01/20 v2.17e AMS math features
\@mathmargin=\skip49

For additional information on amsmath, use the `?' option.
(/usr/share/texlive/texmf-dist/tex/latex/amsmath/amstext.sty
Package: amstext 2000/06/29 v2.01 AMS text

(/usr/share/texlive/texmf-dist/tex/latex/amsmath/amsgen.sty
File: amsgen.sty 1999/11/30 v2.0 generic functions
\@emptytoks=\toks17
\ex@=\dimen138
))
(/usr/share/texlive/texmf-dist/tex/latex/amsmath/amsbsy.sty
Package: amsbsy 1999/11/29 v1.2d Bold Symbols
\pmbraise@=\dimen139
)
(/usr/share/texlive/texmf-dist/tex/latex/amsmath/amsopn.sty
Package: amsopn 2016/03/08 v2.02 operator names
)
\inf@bad=\count177
LaTeX Info: Redefining \frac on input line 227.
\uproot@=\count178
\leftroot@=\count179
LaTeX Info: Redefining \overline on input line 389.
\classnum@=\count180
\DOTSCASE@=\count181
LaTeX Info: Redefining \ldots on input line 486.
LaTeX Info: Redefining \dots on input line 489.
LaTeX Info: Redefining \cdots on input line 610.
\Mathstrutbox@=\box45
\strutbox@=\box46
\big@size=\dimen140
LaTeX Font Info:    Redeclaring font encoding OML on input line 733.
LaTeX Font Info:    Redeclaring font encoding OMS on input line 734.
\macc@depth=\count182
\c@MaxMatrixCols=\count183
\dotsspace@=\muskip16
\c@parentequation=\count184
\dspbrk@lvl=\count185
\tag@help=\toks18
\row@=\count186
\column@=\count187
\maxfields@=\count188
\andhelp@=\toks19
\eqnshift@=\dimen141
\alignsep@=\dimen142
\tagshift@=\dimen143
\tagwidth@=\dimen144
\totwidth@=\dimen145
\lineht@=\dimen146
\@envbody=\toks20
\multlinegap=\skip50
\multlinetaggap=\skip51
\mathdisplay@stack=\toks21
LaTeX Info: Redefining \[ on input line 2859.
LaTeX Info: Redefining \] on input line 2860.
)
(/usr/share/texlive/texmf-dist/tex/latex/amsfonts/amsfonts.sty
Package: amsfonts 2013/01/14 v3.01 Basic AMSFonts support
\symAMSa=\mathgroup4
\symAMSb=\mathgroup5
LaTeX Font Info:    Redeclaring math symbol \hbar on input line 98.
LaTeX Font Info:    Overwriting math alphabet `\mathfrak' in version `bold'
(Font)                  U/euf/m/n --> U/euf/b/n on input line 106.
)
(/usr/share/texlive/texmf-dist/tex/latex/amsfonts/amssymb.sty
Package: amssymb 2013/01/14 v3.01 AMS font symbols
)
(/usr/share/texlive/texmf-dist/tex/latex/tools/enumerate.sty
Package: enumerate 2015/07/23 v3.00 enumerate extensions (DPC)
\@enLab=\toks22
)
(/usr/share/texlive/texmf-dist/tex/latex/pdfpages/pdfpages.sty
Package: pdfpages 2020/01/28 v0.5q Insert pages of external PDF documents (AM)

(/usr/share/texlive/texmf-dist/tex/latex/base/ifthen.sty
Package: ifthen 2014/09/29 v1.1c Standard LaTeX ifthen package (DPC)
)
(/usr/share/texlive/texmf-dist/tex/latex/tools/calc.sty
Package: calc 2017/05/25 v4.3 Infix arithmetic (KKT,FJ)
\calc@Acount=\count189
\calc@Bcount=\count190
\calc@Adimen=\dimen147
\calc@Bdimen=\dimen148
\calc@Askip=\skip52
\calc@Bskip=\skip53
LaTeX Info: Redefining \setlength on input line 80.
LaTeX Info: Redefining \addtolength on input line 81.
\calc@Ccount=\count191
\calc@Cskip=\skip54
)
(/usr/share/texlive/texmf-dist/tex/latex/eso-pic/eso-pic.sty
Package: eso-pic 2018/04/12 v2.0h eso-pic (RN)

(/usr/share/texlive/texmf-dist/tex/generic/atbegshi/atbegshi.sty
Package: atbegshi 2019/12/05 v1.19 At begin shipout hook (HO)

(/usr/share/texlive/texmf-dist/tex/generic/infwarerr/infwarerr.sty
Package: infwarerr 2019/12/03 v1.5 Providing info/warning/error messages (HO)
)
(/usr/share/texlive/texmf-dist/tex/generic/ltxcmds/ltxcmds.sty
Package: ltxcmds 2019/12/15 v1.24 LaTeX kernel commands for general use (HO)
)
(/usr/share/texlive/texmf-dist/tex/generic/iftex/iftex.sty
Package: iftex 2019/11/07 v1.0c TeX engine tests
))
(/usr/share/texlive/texmf-dist/tex/latex/xcolor/xcolor.sty
Package: xcolor 2016/05/11 v2.12 LaTeX color extensions (UK)

(/usr/share/texlive/texmf-dist/tex/latex/graphics-cfg/color.cfg
File: color.cfg 2016/01/02 v1.6 sample color configuration
)
Package xcolor Info: Driver file: pdftex.def on input line 225.
Package xcolor Info: Model `cmy' substituted by `cmy0' on input line 1348.
Package xcolor Info: Model `hsb' substituted by `rgb' on input line 1352.
Package xcolor Info: Model `RGB' extended on input line 1364.
Package xcolor Info: Model `HTML' substituted by `rgb' on input line 1366.
Package xcolor Info: Model `Hsb' substituted by `hsb' on input line 1367.
Package xcolor Info: Model `tHsb' substituted by `hsb' on input line 1368.
Package xcolor Info: Model `HSB' substituted by `hsb' on input line 1369.
Package xcolor Info: Model `Gray' substituted by `gray' on input line 1370.
Package xcolor Info: Model `wave' substituted by `hsb' on input line 1371.
))
\AM@pagewidth=\dimen149
\AM@pageheight=\dimen150

(/usr/share/texlive/texmf-dist/tex/latex/pdfpages/pppdftex.def
File: pppdftex.def 2020/01/28 v0.5q Pdfpages driver for pdfTeX (AM)
)
\AM@pagebox=\box47
\AM@global@opts=\toks23
\AM@pagecnt=\count192
\AM@toc@title=\toks24
\c@AM@survey=\count193
\AM@templatesizebox=\box48
)
(/usr/share/texlive/texmf-dist/tex/latex/l3backend/l3backend-pdfmode.def
File: l3backend-pdfmode.def 2020-02-03 L3 backend support: PDF mode
\l__kernel_color_stack_int=\count194
\l__pdf_internal_box=\box49
)
(./main.aux (./use_case.aux) (./overview.aux) (./interface.aux))
\openout1 = `main.aux'.

LaTeX Font Info:    Checking defaults for OML/cmm/m/it on input line 15.
LaTeX Font Info:    ... okay on input line 15.
LaTeX Font Info:    Checking defaults for OMS/cmsy/m/n on input line 15.
LaTeX Font Info:    ... okay on input line 15.
LaTeX Font Info:    Checking defaults for OT1/cmr/m/n on input line 15.
LaTeX Font Info:    ... okay on input line 15.
LaTeX Font Info:    Checking defaults for T1/cmr/m/n on input line 15.
LaTeX Font Info:    ... okay on input line 15.
LaTeX Font Info:    Checking defaults for TS1/cmr/m/n on input line 15.
LaTeX Font Info:    ... okay on input line 15.
LaTeX Font Info:    Checking defaults for OMX/cmex/m/n on input line 15.
LaTeX Font Info:    ... okay on input line 15.
LaTeX Font Info:    Checking defaults for U/cmr/m/n on input line 15.
LaTeX Font Info:    ... okay on input line 15.

(/usr/share/texlive/texmf-dist/tex/context/base/mkii/supp-pdf.mkii
[Loading MPS to PDF converter (version 2006.09.02).]
\scratchcounter=\count195
\scratchdimen=\dimen151
\scratchbox=\box50
\nofMPsegments=\count196
\nofMParguments=\count197
\everyMPshowfont=\toks25
\MPscratchCnt=\count198
\MPscratchDim=\dimen152
\MPnumerator=\count199
\makeMPintoPDFobject=\count266
\everyMPtoPDFconversion=\toks26
) (/usr/share/texlive/texmf-dist/tex/latex/epstopdf-pkg/epstopdf-base.sty
Package: epstopdf-base 2020-01-24 v2.11 Base part for package epstopdf
Package epstopdf-base Info: Redefining graphics rule for `.eps' on input line 4
85.

(/usr/share/texlive/texmf-dist/tex/latex/latexconfig/epstopdf-sys.cfg
File: epstopdf-sys.cfg 2010/07/13 v1.3 Configuration of (r)epstopdf for TeX Liv
e
))
\AtBeginShipoutBox=\box51

(/usr/share/texlive/texmf-dist/tex/latex/pdflscape/pdflscape.sty
Package: pdflscape 2019/12/05 v0.12 Display of landscape pages in PDF (HO)

(/usr/share/texlive/texmf-dist/tex/latex/graphics/lscape.sty
Package: lscape 2000/10/22 v3.01 Landscape Pages (DPC)
)
Package pdflscape Info: Auto-detected driver: pdftex on input line 81.
)
LaTeX Font Info:    Trying to load font information for U+msa on input line 17.


(/usr/share/texlive/texmf-dist/tex/latex/amsfonts/umsa.fd
File: umsa.fd 2013/01/14 v3.01 AMS symbols A
)
LaTeX Font Info:    Trying to load font information for U+msb on input line 17.


(/usr/share/texlive/texmf-dist/tex/latex/amsfonts/umsb.fd
File: umsb.fd 2013/01/14 v3.01 AMS symbols B
)
<images/umons.jpeg, id=1, 1927.2pt x 749.80125pt>
File: images/umons.jpeg Graphic file (type jpg)
<use images/umons.jpeg>
Package pdftex.def Info: images/umons.jpeg  used on input line 48.
(pdftex.def)             Requested size: 103.50105pt x 40.26099pt.
<images/facSciences.png, id=3, 578.16pt x 255.95625pt>
File: images/facSciences.png Graphic file (type png)
<use images/facSciences.png>
Package pdftex.def Info: images/facSciences.png  used on input line 50.
(pdftex.def)             Requested size: 103.50105pt x 45.82018pt.
 [1

{/var/lib/texmf/fonts/map/pdftex/updmap/pdftex.map} <./images/umons.jpeg> <./im
ages/facSciences.png>] (./main.toc)
\tf@toc=\write3
\openout3 = `main.toc'.

 [2]
\openout2 = `use_case.aux'.

 (./use_case.tex [3

]
<use_case/client.png, id=25, 1020.81375pt x 630.10406pt>
File: use_case/client.png Graphic file (type png)
<use use_case/client.png>
Package pdftex.def Info: use_case/client.png  used on input line 43.
(pdftex.def)             Requested size: 345.0pt x 212.9538pt.
 [4 <./use_case/client.png (PNG copy)>]
<use_case/fournisseur.png, id=29, 1014.79124pt x 630.10406pt>
File: use_case/fournisseur.png Graphic file (type png)
<use use_case/fournisseur.png>
Package pdftex.def Info: use_case/fournisseur.png  used on input line 64.
(pdftex.def)             Requested size: 345.0pt x 214.21332pt.
) [5 <./use_case/fournisseur.png (PNG copy)>]
\openout2 = `overview.aux'.

 (./overview.tex [6


]
Underfull \hbox (badness 10000) in paragraph at lines 22--23

 []


Underfull \hbox (badness 10000) in paragraph at lines 24--25

 []


Underfull \hbox (badness 10000) in paragraph at lines 26--27

 []


Overfull \hbox (8.05617pt too wide) in paragraph at lines 28--29
[]\OT1/cmr/m/n/10 De plus, lorsque l'utilisateur sera connect^^Se sur l'applica
tion, il aura la possibilit^^Se
 []


Underfull \hbox (badness 10000) in paragraph at lines 30--31

 []


Overfull \hbox (3.00058pt too wide) in paragraph at lines 32--35
[]\OT1/cmr/m/n/10 Une fois connect^^Se, l'utilisateur aura acc^^Res ^^Ra un men
u reprenant la d^^Seconnexion,
 []


Overfull \hbox (10.69507pt too wide) in paragraph at lines 32--35
\OT1/cmr/m/n/10 Cette fa^^Xcon de penser nous semblait suffisamment intuitive p
our que l'utilisateur
 []


Underfull \hbox (badness 10000) in paragraph at lines 36--37

 []


Underfull \hbox (badness 10000) in paragraph at lines 47--49

 []

[7]

LaTeX Warning: The counter will not be printed.
             The label is: - on input line 70.


Underfull \hbox (badness 10000) in paragraph at lines 71--72

 []


Underfull \hbox (badness 10000) in paragraph at lines 76--77

 []


Underfull \hbox (badness 10000) in paragraph at lines 80--81

 []

[8]

LaTeX Warning: The counter will not be printed.
             The label is: - on input line 103.


Underfull \hbox (badness 10000) in paragraph at lines 104--105

 []


Underfull \hbox (badness 10000) in paragraph at lines 108--109

 []


Underfull \hbox (badness 10000) in paragraph at lines 110--111

 []


Overfull \hbox (7.09045pt too wide) in paragraph at lines 112--113
[]\OT1/cmr/m/n/10 L'ajout et la fermeture de contrats impliquera une \OT1/cmr/b
x/n/10 notification \OT1/cmr/m/n/10 sur l'application
 []


Underfull \hbox (badness 10000) in paragraph at lines 112--113

 []

[9]
<overview/overview-client.png, id=46, 1035.11127pt x 793.26283pt>
File: overview/overview-client.png Graphic file (type png)
<use overview/overview-client.png>
Package pdftex.def Info: overview/overview-client.png  used on input line 121.
(pdftex.def)             Requested size: 345.0pt x 264.39204pt.
 [10 <./overview/overview-client.png (PNG copy)>]

LaTeX Warning: The counter will not be printed.
             The label is: - on input line 139.


Underfull \hbox (badness 10000) in paragraph at lines 140--141

 []


Underfull \hbox (badness 10000) in paragraph at lines 145--146

 []


Underfull \hbox (badness 10000) in paragraph at lines 149--150

 []

[11]

LaTeX Warning: The counter will not be printed.
             The label is: - on input line 170.


Underfull \hbox (badness 10000) in paragraph at lines 172--173

 []


Underfull \hbox (badness 10000) in paragraph at lines 176--177

 []


Underfull \hbox (badness 10000) in paragraph at lines 180--181

 []


Underfull \hbox (badness 10000) in paragraph at lines 184--185

 []


Underfull \hbox (badness 10000) in paragraph at lines 186--187

 []


Underfull \hbox (badness 10000) in paragraph at lines 188--189

 []

[12]
<overview/overview-fournisseur.png, id=56, 1079.49756pt x 736.92638pt>
File: overview/overview-fournisseur.png Graphic file (type png)
<use overview/overview-fournisseur.png>
Package pdftex.def Info: overview/overview-fournisseur.png  used on input line 
198.
(pdftex.def)             Requested size: 345.0pt x 235.51765pt.
) [13 <./overview/overview-fournisseur.png (PNG copy)>]
\openout2 = `interface.aux'.

 (./interface.tex
[14


] [15]
<interface/Log.pdf, id=67, 955.11964pt x 497.33139pt>
File: interface/Log.pdf Graphic file (type pdf)
<use interface/Log.pdf>
Package pdftex.def Info: interface/Log.pdf  used on input line 63.
(pdftex.def)             Requested size: 955.11731pt x 497.33017pt.
File: interface/Log.pdf Graphic file (type pdf)
<use interface/Log.pdf>
Package pdftex.def Info: interface/Log.pdf  used on input line 63.
(pdftex.def)             Requested size: 955.11731pt x 497.33017pt.
<interface/Log.pdf, id=70, page=1, 955.11964pt x 497.33139pt>
File: interface/Log.pdf Graphic file (type pdf)
<use interface/Log.pdf, page 1>
Package pdftex.def Info: interface/Log.pdf , page1 used on input line 63.
(pdftex.def)             Requested size: 955.11731pt x 497.33017pt.
File: interface/Log.pdf Graphic file (type pdf)
<use interface/Log.pdf, page 1>
Package pdftex.def Info: interface/Log.pdf , page1 used on input line 63.
(pdftex.def)             Requested size: 614.36417pt x 319.8998pt.
File: interface/Log.pdf Graphic file (type pdf)
<use interface/Log.pdf, page 1>
Package pdftex.def Info: interface/Log.pdf , page1 used on input line 63.
(pdftex.def)             Requested size: 614.36417pt x 319.8998pt.
File: interface/Log.pdf Graphic file (type pdf)
<use interface/Log.pdf, page 1>
Package pdftex.def Info: interface/Log.pdf , page1 used on input line 63.
(pdftex.def)             Requested size: 614.36417pt x 319.8998pt.
File: interface/Log.pdf Graphic file (type pdf)
<use interface/Log.pdf, page 1>
Package pdftex.def Info: interface/Log.pdf , page1 used on input line 63.
(pdftex.def)             Requested size: 614.36417pt x 319.8998pt.
 [16 <./interface/Log.pdf>] [17]
Overfull \hbox (5.55606pt too wide) in paragraph at lines 84--85
\OT1/cmr/m/n/10 Lorsqu'un client se connectera, il arrivera sur la page d'acceu
il ou plus pr^^Secis^^Sement
 []

[18] [19] [20] [21] [22]
<interface/Client.pdf, id=127, 669.19211pt x 730.02773pt>
File: interface/Client.pdf Graphic file (type pdf)
<use interface/Client.pdf>
Package pdftex.def Info: interface/Client.pdf  used on input line 233.
(pdftex.def)             Requested size: 669.19046pt x 730.02594pt.
File: interface/Client.pdf Graphic file (type pdf)
<use interface/Client.pdf>
Package pdftex.def Info: interface/Client.pdf  used on input line 233.
(pdftex.def)             Requested size: 669.19046pt x 730.02594pt.
<interface/Client.pdf, id=130, page=1, 669.19211pt x 730.02773pt>
File: interface/Client.pdf Graphic file (type pdf)
<use interface/Client.pdf, page 1>
Package pdftex.def Info: interface/Client.pdf , page1 used on input line 233.
(pdftex.def)             Requested size: 669.19046pt x 730.02594pt.
File: interface/Client.pdf Graphic file (type pdf)
<use interface/Client.pdf, page 1>
Package pdftex.def Info: interface/Client.pdf , page1 used on input line 233.
(pdftex.def)             Requested size: 614.46951pt x 670.33035pt.
File: interface/Client.pdf Graphic file (type pdf)
<use interface/Client.pdf, page 1>
Package pdftex.def Info: interface/Client.pdf , page1 used on input line 233.
(pdftex.def)             Requested size: 614.46951pt x 670.33035pt.
File: interface/Client.pdf Graphic file (type pdf)
<use interface/Client.pdf, page 1>
Package pdftex.def Info: interface/Client.pdf , page1 used on input line 233.
(pdftex.def)             Requested size: 614.46951pt x 670.33035pt.
File: interface/Client.pdf Graphic file (type pdf)
<use interface/Client.pdf, page 1>
Package pdftex.def Info: interface/Client.pdf , page1 used on input line 233.
(pdftex.def)             Requested size: 614.46951pt x 670.33035pt.
 [23 <./interface/Client.pdf>]
Overfull \hbox (5.55606pt too wide) in paragraph at lines 238--239
\OT1/cmr/m/n/10 Lorsqu'un client se connectera, il arrivera sur la page d'acceu
il ou plus pr^^Secis^^Sement
 []

[24] [25] [26]
<interface/Supplier.pdf, id=180, 877.85846pt x 749.93008pt>
File: interface/Supplier.pdf Graphic file (type pdf)
<use interface/Supplier.pdf>
Package pdftex.def Info: interface/Supplier.pdf  used on input line 330.
(pdftex.def)             Requested size: 877.85631pt x 749.92825pt.
File: interface/Supplier.pdf Graphic file (type pdf)
<use interface/Supplier.pdf>
Package pdftex.def Info: interface/Supplier.pdf  used on input line 330.
(pdftex.def)             Requested size: 877.85631pt x 749.92825pt.
<interface/Supplier.pdf, id=183, page=1, 877.85846pt x 749.93008pt>
File: interface/Supplier.pdf Graphic file (type pdf)
<use interface/Supplier.pdf, page 1>
Package pdftex.def Info: interface/Supplier.pdf , page1 used on input line 330.

(pdftex.def)             Requested size: 877.85631pt x 749.92825pt.
File: interface/Supplier.pdf Graphic file (type pdf)
<use interface/Supplier.pdf, page 1>
Package pdftex.def Info: interface/Supplier.pdf , page1 used on input line 330.

(pdftex.def)             Requested size: 614.88518pt x 525.27933pt.
File: interface/Supplier.pdf Graphic file (type pdf)
<use interface/Supplier.pdf, page 1>
Package pdftex.def Info: interface/Supplier.pdf , page1 used on input line 330.

(pdftex.def)             Requested size: 614.88518pt x 525.27933pt.
File: interface/Supplier.pdf Graphic file (type pdf)
<use interface/Supplier.pdf, page 1>
Package pdftex.def Info: interface/Supplier.pdf , page1 used on input line 330.

(pdftex.def)             Requested size: 614.88518pt x 525.27933pt.
File: interface/Supplier.pdf Graphic file (type pdf)
<use interface/Supplier.pdf, page 1>
Package pdftex.def Info: interface/Supplier.pdf , page1 used on input line 330.

(pdftex.def)             Requested size: 614.88518pt x 525.27933pt.
 [27 <./interface/Supplier.pdf>]) (./main.aux (./use_case.aux)
(./overview.aux) (./interface.aux)) ) 
Here is how much of TeX's memory you used:
 4596 strings out of 483140
 63037 string characters out of 5965150
 310935 words of memory out of 5000000
 19507 multiletter control sequences out of 15000+600000
 540849 words of font info for 57 fonts, out of 8000000 for 9000
 36 hyphenation exceptions out of 8191
 42i,18n,47p,586b,439s stack positions out of 5000i,500n,10000p,200000b,80000s
</usr/share/texlive/texmf-dist/fonts/type1
/public/amsfonts/cm/cmbx10.pfb></usr/share/texlive/texmf-dist/fonts/type1/publi
c/amsfonts/cm/cmbx12.pfb></usr/share/texlive/texmf-dist/fonts/type1/public/amsf
onts/cm/cmcsc10.pfb></usr/share/texlive/texmf-dist/fonts/type1/public/amsfonts/
cm/cmr10.pfb></usr/share/texlive/texmf-dist/fonts/type1/public/amsfonts/cm/cmr1
2.pfb></usr/share/texlive/texmf-dist/fonts/type1/public/amsfonts/cm/cmr17.pfb><
/usr/share/texlive/texmf-dist/fonts/type1/public/amsfonts/cm/cmsy5.pfb></usr/sh
are/texlive/texmf-dist/fonts/type1/public/amsfonts/cm/cmti12.pfb>
Output written on main.pdf (27 pages, 1503276 bytes).
PDF statistics:
 248 PDF objects out of 1000 (max. 8388607)
 143 compressed objects within 2 object streams
 0 named destinations out of 1000 (max. 500000)
 91 words of extra memory for PDF output out of 10000 (max. 10000000)

